LINK : warning LNK4098: defaultlib 'MSVCRT' conflicts with use of other libs; use /NODEFAULTLIB:library
FrameBuffer.obj : error LNK2019: unresolved external symbol __imp___glewActiveTexture referenced in function "public: void __cdecl FrameBuffer::BindTexture(int)" (?BindTexture@FrameBuffer@@QEAAXH@Z)
Texture.obj : error LNK2001: unresolved external symbol __imp___glewActiveTexture
FrameBuffer.obj : error LNK2019: unresolved external symbol __imp___glewFramebufferTexture referenced in function "private: int __cdecl FrameBuffer::InitDepthTextureAttachment(int,int)" (?InitDepthTextureAttachment@FrameBuffer@@AEAAHHH@Z)
FrameBuffer.obj : error LNK2019: unresolved external symbol __imp___glewBindFramebuffer referenced in function "public: __cdecl FrameBuffer::FrameBuffer(int,int)" (??0FrameBuffer@@QEAA@HH@Z)
FrameBuffer.obj : error LNK2019: unresolved external symbol __imp___glewBindRenderbuffer referenced in function "private: int __cdecl FrameBuffer::InitRenderBufferAttachment(int,int)" (?InitRenderBufferAttachment@FrameBuffer@@AEAAHHH@Z)
FrameBuffer.obj : error LNK2019: unresolved external symbol __imp___glewFramebufferRenderbuffer referenced in function "private: int __cdecl FrameBuffer::InitRenderBufferAttachment(int,int)" (?InitRenderBufferAttachment@FrameBuffer@@AEAAHHH@Z)
FrameBuffer.obj : error LNK2019: unresolved external symbol __imp___glewGenFramebuffers referenced in function "public: __cdecl FrameBuffer::FrameBuffer(int,int)" (??0FrameBuffer@@QEAA@HH@Z)
FrameBuffer.obj : error LNK2019: unresolved external symbol __imp___glewGenRenderbuffers referenced in function "private: int __cdecl FrameBuffer::InitRenderBufferAttachment(int,int)" (?InitRenderBufferAttachment@FrameBuffer@@AEAAHHH@Z)
FrameBuffer.obj : error LNK2019: unresolved external symbol __imp___glewRenderbufferStorage referenced in function "private: int __cdecl FrameBuffer::InitRenderBufferAttachment(int,int)" (?InitRenderBufferAttachment@FrameBuffer@@AEAAHHH@Z)
Mesh.obj : error LNK2019: unresolved external symbol __imp___glewBindBuffer referenced in function "public: __cdecl Mesh::Mesh(float * const,int)" (??0Mesh@@QEAA@QEAMH@Z)
Water.obj : error LNK2001: unresolved external symbol __imp___glewBindBuffer
Mesh.obj : error LNK2019: unresolved external symbol __imp___glewBufferData referenced in function "public: __cdecl Mesh::Mesh(float * const,int)" (??0Mesh@@QEAA@QEAMH@Z)
Water.obj : error LNK2001: unresolved external symbol __imp___glewBufferData
Mesh.obj : error LNK2019: unresolved external symbol __imp___glewGenBuffers referenced in function "public: __cdecl Mesh::Mesh(float * const,int)" (??0Mesh@@QEAA@QEAMH@Z)
Water.obj : error LNK2001: unresolved external symbol __imp___glewGenBuffers
Mesh.obj : error LNK2019: unresolved external symbol __imp___glewEnableVertexAttribArray referenced in function "private: void __cdecl Mesh::GenerateLayout(void)" (?GenerateLayout@Mesh@@AEAAXXZ)
Water.obj : error LNK2001: unresolved external symbol __imp___glewEnableVertexAttribArray
Mesh.obj : error LNK2019: unresolved external symbol __imp___glewVertexAttribPointer referenced in function "private: void __cdecl Mesh::GenerateLayout(void)" (?GenerateLayout@Mesh@@AEAAXXZ)
Water.obj : error LNK2001: unresolved external symbol __imp___glewVertexAttribPointer
Water.obj : error LNK2019: unresolved external symbol __imp_glewInit referenced in function main
Water.obj : error LNK2019: unresolved external symbol __imp_glewGetErrorString referenced in function main
Water.obj : error LNK2019: unresolved external symbol __imp___glewAttachShader referenced in function "public: __cdecl Shader::Shader(char const *,char const *,char const *)" (??0Shader@@QEAA@PEBD00@Z)
Water.obj : error LNK2019: unresolved external symbol __imp___glewCompileShader referenced in function "public: __cdecl Shader::Shader(char const *,char const *,char const *)" (??0Shader@@QEAA@PEBD00@Z)
Water.obj : error LNK2019: unresolved external symbol __imp___glewCreateProgram referenced in function "public: __cdecl Shader::Shader(char const *,char const *,char const *)" (??0Shader@@QEAA@PEBD00@Z)
Water.obj : error LNK2019: unresolved external symbol __imp___glewCreateShader referenced in function "public: __cdecl Shader::Shader(char const *,char const *,char const *)" (??0Shader@@QEAA@PEBD00@Z)
Water.obj : error LNK2019: unresolved external symbol __imp___glewDeleteShader referenced in function "public: __cdecl Shader::Shader(char const *,char const *,char const *)" (??0Shader@@QEAA@PEBD00@Z)
Water.obj : error LNK2019: unresolved external symbol __imp___glewGetProgramInfoLog referenced in function "private: void __cdecl Shader::checkCompileErrors(unsigned int,class std::basic_string<char,struct std::char_traits<char>,class std::allocator<char> >)" (?checkCompileErrors@Shader@@AEAAXIV?$basic_string@DU?$char_traits@D@std@@V?$allocator@D@2@@std@@@Z)
Water.obj : error LNK2019: unresolved external symbol __imp___glewGetProgramiv referenced in function "private: void __cdecl Shader::checkCompileErrors(unsigned int,class std::basic_string<char,struct std::char_traits<char>,class std::allocator<char> >)" (?checkCompileErrors@Shader@@AEAAXIV?$basic_string@DU?$char_traits@D@std@@V?$allocator@D@2@@std@@@Z)
Water.obj : error LNK2019: unresolved external symbol __imp___glewGetShaderInfoLog referenced in function "private: void __cdecl Shader::checkCompileErrors(unsigned int,class std::basic_string<char,struct std::char_traits<char>,class std::allocator<char> >)" (?checkCompileErrors@Shader@@AEAAXIV?$basic_string@DU?$char_traits@D@std@@V?$allocator@D@2@@std@@@Z)
Water.obj : error LNK2019: unresolved external symbol __imp___glewGetShaderiv referenced in function "private: void __cdecl Shader::checkCompileErrors(unsigned int,class std::basic_string<char,struct std::char_traits<char>,class std::allocator<char> >)" (?checkCompileErrors@Shader@@AEAAXIV?$basic_string@DU?$char_traits@D@std@@V?$allocator@D@2@@std@@@Z)
Water.obj : error LNK2019: unresolved external symbol __imp___glewGetUniformLocation referenced in function "public: void __cdecl Shader::setBool(class std::basic_string<char,struct std::char_traits<char>,class std::allocator<char> > const &,bool)const " (?setBool@Shader@@QEBAXAEBV?$basic_string@DU?$char_traits@D@std@@V?$allocator@D@2@@std@@_N@Z)
Water.obj : error LNK2019: unresolved external symbol __imp___glewLinkProgram referenced in function "public: __cdecl Shader::Shader(char const *,char const *,char const *)" (??0Shader@@QEAA@PEBD00@Z)
Water.obj : error LNK2019: unresolved external symbol __imp___glewShaderSource referenced in function "public: __cdecl Shader::Shader(char const *,char const *,char const *)" (??0Shader@@QEAA@PEBD00@Z)
Water.obj : error LNK2019: unresolved external symbol __imp___glewUniform1f referenced in function "public: void __cdecl Shader::setFloat(class std::basic_string<char,struct std::char_traits<char>,class std::allocator<char> > const &,float)const " (?setFloat@Shader@@QEBAXAEBV?$basic_string@DU?$char_traits@D@std@@V?$allocator@D@2@@std@@M@Z)
Water.obj : error LNK2019: unresolved external symbol __imp___glewUniform1i referenced in function "public: void __cdecl Shader::setBool(class std::basic_string<char,struct std::char_traits<char>,class std::allocator<char> > const &,bool)const " (?setBool@Shader@@QEBAXAEBV?$basic_string@DU?$char_traits@D@std@@V?$allocator@D@2@@std@@_N@Z)
Water.obj : error LNK2019: unresolved external symbol __imp___glewUniform3f referenced in function main
Water.obj : error LNK2019: unresolved external symbol __imp___glewUniform3fv referenced in function "public: void __cdecl Shader::setVec3(class std::basic_string<char,struct std::char_traits<char>,class std::allocator<char> > const &,struct glm::vec<3,float,0> const &)const " (?setVec3@Shader@@QEBAXAEBV?$basic_string@DU?$char_traits@D@std@@V?$allocator@D@2@@std@@AEBU?$vec@$02M$0A@@glm@@@Z)
Water.obj : error LNK2019: unresolved external symbol __imp___glewUniformMatrix4fv referenced in function "public: void __cdecl Shader::setMat4(class std::basic_string<char,struct std::char_traits<char>,class std::allocator<char> > const &,struct glm::mat<4,4,float,0> const &)const " (?setMat4@Shader@@QEBAXAEBV?$basic_string@DU?$char_traits@D@std@@V?$allocator@D@2@@std@@AEBU?$mat@$03$03M$0A@@glm@@@Z)
Water.obj : error LNK2019: unresolved external symbol __imp___glewUseProgram referenced in function "public: void __cdecl Shader::use(void)" (?use@Shader@@QEAAXXZ)
Water.obj : error LNK2019: unresolved external symbol __imp___glewBindVertexArray referenced in function main
Water.obj : error LNK2019: unresolved external symbol __imp___glewGenVertexArrays referenced in function main
C:\Users\skh21\Desktop\OpenGL-Terrain-and-Water-generation-master\Dependencies\GLEW\lib\Release\Win32\glew32s.lib : warning LNK4272: library machine type 'x86' conflicts with target machine type 'x64'
C:\Users\skh21\Desktop\OpenGL-Terrain-and-Water-generation-master\x64\Debug\Computer Graphics Final Project.exe : fatal error LNK1120: 35 unresolved externals
