  FrameBuffer.cpp
C:\Users\skh21\Desktop\OpenGL-Terrain-and-Water-generation\FrameBuffer.cpp(14,10): warning C4067: unexpected tokens following preprocessor directive - expected a newline
  Mesh.cpp
C:\Users\skh21\Desktop\OpenGL-Terrain-and-Water-generation\Mesh.cpp(24,20): warning C4018: '<': signed/unsigned mismatch
  Texture.cpp
  main.cpp
C:\Users\skh21\Desktop\OpenGL-Terrain-and-Water-generation\Shader.h(56,40): warning C4101: 'e': unreferenced local variable
C:\Users\skh21\Desktop\OpenGL-Terrain-and-Water-generation\main.cpp(158,70): warning C4244: 'argument': conversion from 'float' to 'int', possible loss of data
C:\Users\skh21\Desktop\OpenGL-Terrain-and-Water-generation\main.cpp(330,22): warning C4244: 'initializing': conversion from 'double' to 'float', possible loss of data
C:\Users\skh21\Desktop\OpenGL-Terrain-and-Water-generation\main.cpp(558,11): warning C4244: '=': conversion from 'double' to 'float', possible loss of data
C:\Users\skh21\Desktop\OpenGL-Terrain-and-Water-generation\main.cpp(559,11): warning C4244: '=': conversion from 'double' to 'float', possible loss of data
C:\Users\skh21\Desktop\OpenGL-Terrain-and-Water-generation\main.cpp(563,16): warning C4244: 'initializing': conversion from 'double' to 'float', possible loss of data
C:\Users\skh21\Desktop\OpenGL-Terrain-and-Water-generation\main.cpp(564,16): warning C4244: 'initializing': conversion from 'double' to 'float', possible loss of data
C:\Users\skh21\Desktop\OpenGL-Terrain-and-Water-generation\main.cpp(566,10): warning C4244: '=': conversion from 'double' to 'float', possible loss of data
C:\Users\skh21\Desktop\OpenGL-Terrain-and-Water-generation\main.cpp(567,10): warning C4244: '=': conversion from 'double' to 'float', possible loss of data
C:\Users\skh21\Desktop\OpenGL-Terrain-and-Water-generation\main.cpp(574,28): warning C4244: 'argument': conversion from 'double' to 'float', possible loss of data
  Previous IPDB not found, fall back to full compilation.
LINK : warning LNK4098: defaultlib 'LIBCMT' conflicts with use of other libs; use /NODEFAULTLIB:library
  Generating code
  All 464 functions were compiled because no usable IPDB/IOBJ from previous compilation was found.
  Finished generating code
glew32s.lib(glew.obj) : warning LNK4099: PDB 'vc120.pdb' was not found with 'glew32s.lib(glew.obj)' or at 'C:\Users\skh21\Desktop\OpenGL-Terrain-and-Water-generation\Release\vc120.pdb'; linking object as if no debug info
  Computer Graphics Final Project.vcxproj -> C:\Users\skh21\Desktop\OpenGL-Terrain-and-Water-generation\Release\Computer Graphics Final Project.exe
